{"/Users/andreagiammarchi/code/classtrophobic-es5/test.js":{"path":"/Users/andreagiammarchi/code/classtrophobic-es5/test.js","s":{"1":1,"2":1,"3":1,"4":1,"5":1,"6":1,"7":1,"8":1,"9":1,"10":1,"11":2,"12":2,"13":1,"14":1,"15":1,"16":1,"17":1,"18":1,"19":1,"20":1,"21":1,"22":1,"23":1,"24":1,"25":1,"26":1,"27":1,"28":1,"29":1,"30":1,"31":1,"32":1,"33":4,"34":4,"35":4,"36":1,"37":1,"38":1,"39":1,"40":1,"41":1,"42":1,"43":1,"44":1,"45":1,"46":1,"47":2,"48":2,"49":1,"50":1,"51":1,"52":1,"53":0,"54":0,"55":1,"56":1,"57":1,"58":1,"59":1,"60":1,"61":1,"62":2,"63":1,"64":1,"65":1,"66":1,"67":1,"68":1,"69":2,"70":2,"71":1,"72":1,"73":1,"74":2,"75":2,"76":1,"77":1,"78":1,"79":1,"80":1,"81":1,"82":1,"83":1,"84":1,"85":1,"86":1,"87":1,"88":1,"89":1,"90":1,"91":1,"92":1,"93":1,"94":1,"95":1,"96":1,"97":1,"98":1,"99":1,"100":1,"101":1,"102":1,"103":1,"104":1,"105":1,"106":1,"107":1,"108":1,"109":1,"110":1,"111":1,"112":1,"113":1,"114":1,"115":1,"116":1,"117":1,"118":1,"119":1,"120":1,"121":1,"122":1,"123":1},"b":{},"f":{"1":2,"2":1,"3":4,"4":1,"5":2,"6":0,"7":1,"8":1,"9":2,"10":1,"11":1,"12":2,"13":1,"14":2,"15":1,"16":1,"17":1,"18":1,"19":1,"20":1,"21":1,"22":1,"23":1,"24":1},"fnMap":{"1":{"name":"(anonymous_1)","line":16,"loc":{"start":{"line":16,"column":13},"end":{"line":16,"column":26}}},"2":{"name":"(anonymous_2)","line":31,"loc":{"start":{"line":31,"column":10},"end":{"line":31,"column":13}}},"3":{"name":"(anonymous_3)","line":58,"loc":{"start":{"line":58,"column":13},"end":{"line":58,"column":23}}},"4":{"name":"(anonymous_4)","line":83,"loc":{"start":{"line":83,"column":13},"end":{"line":83,"column":23}}},"5":{"name":"(anonymous_5)","line":90,"loc":{"start":{"line":90,"column":6},"end":{"line":90,"column":16}}},"6":{"name":"(anonymous_6)","line":104,"loc":{"start":{"line":104,"column":6},"end":{"line":104,"column":16}}},"7":{"name":"(anonymous_7)","line":108,"loc":{"start":{"line":108,"column":7},"end":{"line":108,"column":17}}},"8":{"name":"(anonymous_8)","line":120,"loc":{"start":{"line":120,"column":8},"end":{"line":120,"column":11}}},"9":{"name":"(anonymous_9)","line":121,"loc":{"start":{"line":121,"column":7},"end":{"line":121,"column":10}}},"10":{"name":"(anonymous_10)","line":125,"loc":{"start":{"line":125,"column":8},"end":{"line":125,"column":11}}},"11":{"name":"(anonymous_11)","line":132,"loc":{"start":{"line":132,"column":8},"end":{"line":132,"column":11}}},"12":{"name":"(anonymous_12)","line":136,"loc":{"start":{"line":136,"column":7},"end":{"line":136,"column":10}}},"13":{"name":"(anonymous_13)","line":143,"loc":{"start":{"line":143,"column":8},"end":{"line":143,"column":11}}},"14":{"name":"(anonymous_14)","line":147,"loc":{"start":{"line":147,"column":7},"end":{"line":147,"column":10}}},"15":{"name":"(anonymous_15)","line":154,"loc":{"start":{"line":154,"column":8},"end":{"line":154,"column":11}}},"16":{"name":"(anonymous_16)","line":171,"loc":{"start":{"line":171,"column":13},"end":{"line":171,"column":16}}},"17":{"name":"(anonymous_17)","line":177,"loc":{"start":{"line":177,"column":13},"end":{"line":177,"column":16}}},"18":{"name":"(anonymous_18)","line":184,"loc":{"start":{"line":184,"column":13},"end":{"line":184,"column":16}}},"19":{"name":"(anonymous_19)","line":197,"loc":{"start":{"line":197,"column":10},"end":{"line":197,"column":13}}},"20":{"name":"(anonymous_20)","line":205,"loc":{"start":{"line":205,"column":10},"end":{"line":205,"column":13}}},"21":{"name":"(anonymous_21)","line":214,"loc":{"start":{"line":214,"column":10},"end":{"line":214,"column":13}}},"22":{"name":"(anonymous_22)","line":228,"loc":{"start":{"line":228,"column":10},"end":{"line":228,"column":13}}},"23":{"name":"(anonymous_23)","line":239,"loc":{"start":{"line":239,"column":10},"end":{"line":239,"column":13}}},"24":{"name":"(anonymous_24)","line":248,"loc":{"start":{"line":248,"column":10},"end":{"line":248,"column":13}}}},"statementMap":{"1":{"start":{"line":1,"column":0},"end":{"line":1,"column":37}},"2":{"start":{"line":2,"column":0},"end":{"line":2,"column":46}},"3":{"start":{"line":3,"column":0},"end":{"line":3,"column":8}},"4":{"start":{"line":5,"column":0},"end":{"line":5,"column":37}},"5":{"start":{"line":6,"column":0},"end":{"line":6,"column":31}},"6":{"start":{"line":8,"column":0},"end":{"line":8,"column":26}},"7":{"start":{"line":9,"column":0},"end":{"line":9,"column":29}},"8":{"start":{"line":10,"column":0},"end":{"line":10,"column":53}},"9":{"start":{"line":14,"column":0},"end":{"line":14,"column":30}},"10":{"start":{"line":15,"column":0},"end":{"line":20,"column":3}},"11":{"start":{"line":17,"column":4},"end":{"line":17,"column":19}},"12":{"start":{"line":18,"column":4},"end":{"line":18,"column":23}},"13":{"start":{"line":21,"column":0},"end":{"line":21,"column":47}},"14":{"start":{"line":22,"column":0},"end":{"line":22,"column":46}},"15":{"start":{"line":23,"column":0},"end":{"line":23,"column":36}},"16":{"start":{"line":24,"column":0},"end":{"line":24,"column":42}},"17":{"start":{"line":28,"column":0},"end":{"line":28,"column":26}},"18":{"start":{"line":29,"column":0},"end":{"line":34,"column":3}},"19":{"start":{"line":32,"column":4},"end":{"line":32,"column":39}},"20":{"start":{"line":35,"column":0},"end":{"line":35,"column":62}},"21":{"start":{"line":39,"column":0},"end":{"line":39,"column":29}},"22":{"start":{"line":40,"column":0},"end":{"line":42,"column":3}},"23":{"start":{"line":44,"column":0},"end":{"line":44,"column":51}},"24":{"start":{"line":45,"column":0},"end":{"line":45,"column":59}},"25":{"start":{"line":46,"column":0},"end":{"line":46,"column":27}},"26":{"start":{"line":47,"column":0},"end":{"line":47,"column":33}},"27":{"start":{"line":48,"column":0},"end":{"line":48,"column":39}},"28":{"start":{"line":49,"column":0},"end":{"line":49,"column":33}},"29":{"start":{"line":50,"column":0},"end":{"line":50,"column":42}},"30":{"start":{"line":51,"column":0},"end":{"line":51,"column":54}},"31":{"start":{"line":55,"column":0},"end":{"line":55,"column":30}},"32":{"start":{"line":56,"column":0},"end":{"line":67,"column":3}},"33":{"start":{"line":63,"column":4},"end":{"line":63,"column":28}},"34":{"start":{"line":64,"column":4},"end":{"line":64,"column":23}},"35":{"start":{"line":65,"column":4},"end":{"line":65,"column":16}},"36":{"start":{"line":69,"column":0},"end":{"line":69,"column":52}},"37":{"start":{"line":70,"column":0},"end":{"line":70,"column":52}},"38":{"start":{"line":71,"column":0},"end":{"line":71,"column":28}},"39":{"start":{"line":72,"column":0},"end":{"line":72,"column":33}},"40":{"start":{"line":73,"column":0},"end":{"line":73,"column":29}},"41":{"start":{"line":74,"column":0},"end":{"line":74,"column":40}},"42":{"start":{"line":75,"column":0},"end":{"line":75,"column":33}},"43":{"start":{"line":76,"column":0},"end":{"line":76,"column":42}},"44":{"start":{"line":80,"column":0},"end":{"line":80,"column":31}},"45":{"start":{"line":81,"column":0},"end":{"line":94,"column":3}},"46":{"start":{"line":88,"column":4},"end":{"line":88,"column":38}},"47":{"start":{"line":91,"column":4},"end":{"line":91,"column":29}},"48":{"start":{"line":92,"column":4},"end":{"line":92,"column":16}},"49":{"start":{"line":96,"column":0},"end":{"line":96,"column":29}},"50":{"start":{"line":97,"column":0},"end":{"line":97,"column":48}},"51":{"start":{"line":101,"column":0},"end":{"line":101,"column":25}},"52":{"start":{"line":102,"column":0},"end":{"line":111,"column":3}},"53":{"start":{"line":105,"column":4},"end":{"line":105,"column":29}},"54":{"start":{"line":106,"column":4},"end":{"line":106,"column":16}},"55":{"start":{"line":109,"column":4},"end":{"line":109,"column":36}},"56":{"start":{"line":112,"column":0},"end":{"line":112,"column":26}},"57":{"start":{"line":113,"column":0},"end":{"line":113,"column":35}},"58":{"start":{"line":117,"column":0},"end":{"line":117,"column":26}},"59":{"start":{"line":118,"column":0},"end":{"line":118,"column":9}},"60":{"start":{"line":119,"column":0},"end":{"line":122,"column":3}},"61":{"start":{"line":120,"column":13},"end":{"line":120,"column":27}},"62":{"start":{"line":121,"column":12},"end":{"line":121,"column":27}},"63":{"start":{"line":123,"column":0},"end":{"line":129,"column":3}},"64":{"start":{"line":126,"column":4},"end":{"line":126,"column":24}},"65":{"start":{"line":127,"column":4},"end":{"line":127,"column":18}},"66":{"start":{"line":130,"column":0},"end":{"line":140,"column":3}},"67":{"start":{"line":133,"column":4},"end":{"line":133,"column":24}},"68":{"start":{"line":134,"column":4},"end":{"line":134,"column":18}},"69":{"start":{"line":137,"column":4},"end":{"line":137,"column":23}},"70":{"start":{"line":138,"column":4},"end":{"line":138,"column":19}},"71":{"start":{"line":141,"column":0},"end":{"line":151,"column":3}},"72":{"start":{"line":144,"column":4},"end":{"line":144,"column":24}},"73":{"start":{"line":145,"column":4},"end":{"line":145,"column":18}},"74":{"start":{"line":148,"column":4},"end":{"line":148,"column":23}},"75":{"start":{"line":149,"column":4},"end":{"line":149,"column":19}},"76":{"start":{"line":152,"column":0},"end":{"line":158,"column":3}},"77":{"start":{"line":155,"column":4},"end":{"line":155,"column":24}},"78":{"start":{"line":156,"column":4},"end":{"line":156,"column":18}},"79":{"start":{"line":160,"column":0},"end":{"line":160,"column":17}},"80":{"start":{"line":161,"column":0},"end":{"line":161,"column":68}},"81":{"start":{"line":162,"column":0},"end":{"line":162,"column":16}},"82":{"start":{"line":163,"column":0},"end":{"line":163,"column":67}},"83":{"start":{"line":164,"column":0},"end":{"line":164,"column":16}},"84":{"start":{"line":165,"column":0},"end":{"line":165,"column":67}},"85":{"start":{"line":169,"column":0},"end":{"line":169,"column":35}},"86":{"start":{"line":170,"column":0},"end":{"line":174,"column":3}},"87":{"start":{"line":172,"column":4},"end":{"line":172,"column":19}},"88":{"start":{"line":175,"column":0},"end":{"line":181,"column":3}},"89":{"start":{"line":178,"column":4},"end":{"line":178,"column":17}},"90":{"start":{"line":179,"column":4},"end":{"line":179,"column":19}},"91":{"start":{"line":182,"column":0},"end":{"line":188,"column":3}},"92":{"start":{"line":185,"column":4},"end":{"line":185,"column":17}},"93":{"start":{"line":186,"column":4},"end":{"line":186,"column":19}},"94":{"start":{"line":189,"column":0},"end":{"line":189,"column":9}},"95":{"start":{"line":190,"column":0},"end":{"line":190,"column":67}},"96":{"start":{"line":194,"column":0},"end":{"line":194,"column":31}},"97":{"start":{"line":195,"column":0},"end":{"line":201,"column":3}},"98":{"start":{"line":198,"column":6},"end":{"line":198,"column":22}},"99":{"start":{"line":202,"column":0},"end":{"line":210,"column":3}},"100":{"start":{"line":206,"column":6},"end":{"line":206,"column":26}},"101":{"start":{"line":207,"column":6},"end":{"line":207,"column":22}},"102":{"start":{"line":211,"column":0},"end":{"line":219,"column":3}},"103":{"start":{"line":215,"column":6},"end":{"line":215,"column":26}},"104":{"start":{"line":216,"column":6},"end":{"line":216,"column":22}},"105":{"start":{"line":220,"column":0},"end":{"line":220,"column":13}},"106":{"start":{"line":221,"column":0},"end":{"line":221,"column":70}},"107":{"start":{"line":225,"column":0},"end":{"line":225,"column":30}},"108":{"start":{"line":226,"column":0},"end":{"line":232,"column":3}},"109":{"start":{"line":229,"column":6},"end":{"line":229,"column":22}},"110":{"start":{"line":233,"column":0},"end":{"line":235,"column":3}},"111":{"start":{"line":236,"column":0},"end":{"line":244,"column":3}},"112":{"start":{"line":240,"column":6},"end":{"line":240,"column":26}},"113":{"start":{"line":241,"column":6},"end":{"line":241,"column":22}},"114":{"start":{"line":245,"column":0},"end":{"line":253,"column":3}},"115":{"start":{"line":249,"column":6},"end":{"line":249,"column":26}},"116":{"start":{"line":250,"column":6},"end":{"line":250,"column":22}},"117":{"start":{"line":254,"column":0},"end":{"line":256,"column":3}},"118":{"start":{"line":257,"column":0},"end":{"line":257,"column":13}},"119":{"start":{"line":258,"column":0},"end":{"line":258,"column":70}},"120":{"start":{"line":262,"column":0},"end":{"line":262,"column":16}},"121":{"start":{"line":263,"column":0},"end":{"line":263,"column":34}},"122":{"start":{"line":264,"column":0},"end":{"line":264,"column":30}},"123":{"start":{"line":265,"column":0},"end":{"line":265,"column":16}}},"branchMap":{}},"/Users/andreagiammarchi/code/classtrophobic-es5/classtrophobic-es5.js":{"path":"/Users/andreagiammarchi/code/classtrophobic-es5/classtrophobic-es5.js","s":{"1":1,"2":1,"3":0,"4":0,"5":0,"6":100,"7":18,"8":7,"9":7,"10":7,"11":0,"12":7,"13":7,"14":7,"15":7,"16":7,"17":7,"18":18,"19":18,"20":18,"21":18,"22":18,"23":50,"24":393,"25":76,"26":317,"27":317,"28":267,"29":11,"30":11,"31":12,"32":11,"33":11,"34":11,"35":11,"36":267,"37":18,"38":4,"39":4,"40":21,"41":150,"42":150,"43":78,"44":4,"45":4,"46":1,"47":4,"48":4,"49":4,"50":4,"51":4,"52":78,"53":4,"54":1,"55":23,"56":10,"57":18,"58":18,"59":23,"60":17,"61":17,"62":23,"63":41,"64":12,"65":12,"66":23,"67":23,"68":6,"69":6,"70":6,"71":23,"72":23,"73":1,"74":1},"b":{"1":[1,0],"2":[1,0],"3":[1,0],"4":[7,0],"5":[18,0],"6":[76,317],"7":[267,50],"8":[50,50],"9":[78,72],"10":[21,17],"11":[6,17],"12":[10,5],"13":[13,4],"14":[15,3],"15":[17,6],"16":[12,29],"17":[6,17]},"f":{"1":1,"2":0,"3":0,"4":100,"5":18,"6":7,"7":393,"8":11,"9":4,"10":150,"11":4,"12":23,"13":10,"14":18,"15":4,"16":41,"17":6},"fnMap":{"1":{"name":"(anonymous_1)","line":2,"loc":{"start":{"line":2,"column":13},"end":{"line":2,"column":31}}},"2":{"name":"(anonymous_2)","line":7,"loc":{"start":{"line":7,"column":10},"end":{"line":7,"column":23}}},"3":{"name":"(anonymous_3)","line":9,"loc":{"start":{"line":9,"column":10},"end":{"line":9,"column":26}}},"4":{"name":"ownKeys","line":12,"loc":{"start":{"line":12,"column":10},"end":{"line":12,"column":30}}},"5":{"name":"(anonymous_5)","line":20,"loc":{"start":{"line":20,"column":11},"end":{"line":20,"column":23}}},"6":{"name":"(anonymous_6)","line":22,"loc":{"start":{"line":22,"column":18},"end":{"line":22,"column":30}}},"7":{"name":"(anonymous_7)","line":47,"loc":{"start":{"line":47,"column":36},"end":{"line":47,"column":52}}},"8":{"name":"(anonymous_8)","line":54,"loc":{"start":{"line":54,"column":35},"end":{"line":54,"column":47}}},"9":{"name":"(anonymous_9)","line":71,"loc":{"start":{"line":71,"column":11},"end":{"line":71,"column":23}}},"10":{"name":"(anonymous_10)","line":74,"loc":{"start":{"line":74,"column":34},"end":{"line":74,"column":50}}},"11":{"name":"(anonymous_11)","line":80,"loc":{"start":{"line":80,"column":33},"end":{"line":80,"column":45}}},"12":{"name":"Classtrophobic","line":99,"loc":{"start":{"line":99,"column":9},"end":{"line":99,"column":45}}},"13":{"name":"(anonymous_13)","line":105,"loc":{"start":{"line":105,"column":8},"end":{"line":105,"column":20}}},"14":{"name":"(anonymous_14)","line":109,"loc":{"start":{"line":109,"column":10},"end":{"line":109,"column":22}}},"15":{"name":"(anonymous_15)","line":113,"loc":{"start":{"line":113,"column":10},"end":{"line":113,"column":22}}},"16":{"name":"(anonymous_16)","line":127,"loc":{"start":{"line":127,"column":15},"end":{"line":127,"column":30}}},"17":{"name":"(anonymous_17)","line":134,"loc":{"start":{"line":134,"column":42},"end":{"line":134,"column":57}}}},"statementMap":{"1":{"start":{"line":2,"column":0},"end":{"line":141,"column":11}},"2":{"start":{"line":3,"column":2},"end":{"line":98,"column":3}},"3":{"start":{"line":7,"column":25},"end":{"line":7,"column":44}},"4":{"start":{"line":9,"column":28},"end":{"line":9,"column":44}},"5":{"start":{"line":9,"column":45},"end":{"line":9,"column":54}},"6":{"start":{"line":13,"column":12},"end":{"line":14,"column":58}},"7":{"start":{"line":21,"column":8},"end":{"line":41,"column":9}},"8":{"start":{"line":23,"column":12},"end":{"line":27,"column":13}},"9":{"start":{"line":28,"column":12},"end":{"line":28,"column":30}},"10":{"start":{"line":29,"column":12},"end":{"line":29,"column":78}},"11":{"start":{"line":29,"column":57},"end":{"line":29,"column":78}},"12":{"start":{"line":30,"column":12},"end":{"line":30,"column":43}},"13":{"start":{"line":31,"column":12},"end":{"line":32,"column":41}},"14":{"start":{"line":31,"column":18},"end":{"line":31,"column":69}},"15":{"start":{"line":32,"column":22},"end":{"line":32,"column":39}},"16":{"start":{"line":33,"column":12},"end":{"line":33,"column":36}},"17":{"start":{"line":34,"column":12},"end":{"line":34,"column":54}},"18":{"start":{"line":42,"column":8},"end":{"line":66,"column":9}},"19":{"start":{"line":43,"column":10},"end":{"line":43,"column":28}},"20":{"start":{"line":44,"column":10},"end":{"line":44,"column":28}},"21":{"start":{"line":45,"column":10},"end":{"line":45,"column":30}},"22":{"start":{"line":46,"column":10},"end":{"line":65,"column":69}},"23":{"start":{"line":47,"column":12},"end":{"line":64,"column":15}},"24":{"start":{"line":48,"column":14},"end":{"line":48,"column":53}},"25":{"start":{"line":48,"column":46},"end":{"line":48,"column":53}},"26":{"start":{"line":49,"column":14},"end":{"line":52,"column":15}},"27":{"start":{"line":53,"column":14},"end":{"line":63,"column":15}},"28":{"start":{"line":54,"column":16},"end":{"line":61,"column":18}},"29":{"start":{"line":55,"column":18},"end":{"line":55,"column":45}},"30":{"start":{"line":56,"column":18},"end":{"line":57,"column":52}},"31":{"start":{"line":56,"column":23},"end":{"line":56,"column":44}},"32":{"start":{"line":58,"column":18},"end":{"line":59,"column":47}},"33":{"start":{"line":58,"column":24},"end":{"line":58,"column":82}},"34":{"start":{"line":59,"column":28},"end":{"line":59,"column":45}},"35":{"start":{"line":60,"column":18},"end":{"line":60,"column":32}},"36":{"start":{"line":62,"column":16},"end":{"line":62,"column":56}},"37":{"start":{"line":67,"column":8},"end":{"line":67,"column":21}},"38":{"start":{"line":72,"column":8},"end":{"line":72,"column":51}},"39":{"start":{"line":73,"column":8},"end":{"line":94,"column":63}},"40":{"start":{"line":74,"column":10},"end":{"line":93,"column":13}},"41":{"start":{"line":75,"column":12},"end":{"line":78,"column":13}},"42":{"start":{"line":79,"column":12},"end":{"line":92,"column":13}},"43":{"start":{"line":80,"column":14},"end":{"line":90,"column":16}},"44":{"start":{"line":81,"column":16},"end":{"line":84,"column":17}},"45":{"start":{"line":85,"column":16},"end":{"line":85,"column":71}},"46":{"start":{"line":85,"column":50},"end":{"line":85,"column":71}},"47":{"start":{"line":86,"column":16},"end":{"line":86,"column":43}},"48":{"start":{"line":87,"column":16},"end":{"line":88,"column":61}},"49":{"start":{"line":87,"column":22},"end":{"line":87,"column":84}},"50":{"start":{"line":88,"column":26},"end":{"line":88,"column":59}},"51":{"start":{"line":89,"column":16},"end":{"line":89,"column":30}},"52":{"start":{"line":91,"column":14},"end":{"line":91,"column":54}},"53":{"start":{"line":95,"column":8},"end":{"line":95,"column":21}},"54":{"start":{"line":99,"column":2},"end":{"line":140,"column":4}},"55":{"start":{"line":100,"column":4},"end":{"line":121,"column":5}},"56":{"start":{"line":106,"column":10},"end":{"line":106,"column":60}},"57":{"start":{"line":110,"column":12},"end":{"line":110,"column":54}},"58":{"start":{"line":111,"column":12},"end":{"line":111,"column":64}},"59":{"start":{"line":122,"column":4},"end":{"line":125,"column":5}},"60":{"start":{"line":123,"column":6},"end":{"line":123,"column":24}},"61":{"start":{"line":124,"column":6},"end":{"line":124,"column":44}},"62":{"start":{"line":126,"column":4},"end":{"line":132,"column":9}},"63":{"start":{"line":128,"column":8},"end":{"line":131,"column":9}},"64":{"start":{"line":129,"column":10},"end":{"line":129,"column":49}},"65":{"start":{"line":130,"column":10},"end":{"line":130,"column":44}},"66":{"start":{"line":133,"column":4},"end":{"line":133,"column":41}},"67":{"start":{"line":134,"column":4},"end":{"line":137,"column":7}},"68":{"start":{"line":134,"column":17},"end":{"line":137,"column":7}},"69":{"start":{"line":135,"column":6},"end":{"line":135,"column":39}},"70":{"start":{"line":136,"column":6},"end":{"line":136,"column":37}},"71":{"start":{"line":138,"column":4},"end":{"line":138,"column":40}},"72":{"start":{"line":139,"column":4},"end":{"line":139,"column":35}},"73":{"start":{"line":142,"column":0},"end":{"line":142,"column":45}},"74":{"start":{"line":142,"column":6},"end":{"line":142,"column":29}}},"branchMap":{"1":{"line":6,"type":"binary-expr","locations":[{"start":{"line":6,"column":10},"end":{"line":6,"column":31}},{"start":{"line":7,"column":10},"end":{"line":7,"column":46}}]},"2":{"line":8,"type":"binary-expr","locations":[{"start":{"line":8,"column":10},"end":{"line":8,"column":31}},{"start":{"line":9,"column":10},"end":{"line":9,"column":56}}]},"3":{"line":11,"type":"cond-expr","locations":[{"start":{"line":12,"column":10},"end":{"line":15,"column":11}},{"start":{"line":16,"column":10},"end":{"line":16,"column":36}}]},"4":{"line":34,"type":"cond-expr","locations":[{"start":{"line":34,"column":28},"end":{"line":34,"column":46}},{"start":{"line":34,"column":49},"end":{"line":34,"column":53}}]},"5":{"line":42,"type":"if","locations":[{"start":{"line":42,"column":8},"end":{"line":42,"column":8}},{"start":{"line":42,"column":8},"end":{"line":42,"column":8}}]},"6":{"line":48,"type":"if","locations":[{"start":{"line":48,"column":14},"end":{"line":48,"column":14}},{"start":{"line":48,"column":14},"end":{"line":48,"column":14}}]},"7":{"line":53,"type":"if","locations":[{"start":{"line":53,"column":14},"end":{"line":53,"column":14}},{"start":{"line":53,"column":14},"end":{"line":53,"column":14}}]},"8":{"line":65,"type":"binary-expr","locations":[{"start":{"line":65,"column":20},"end":{"line":65,"column":40}},{"start":{"line":65,"column":45},"end":{"line":65,"column":67}}]},"9":{"line":79,"type":"if","locations":[{"start":{"line":79,"column":12},"end":{"line":79,"column":12}},{"start":{"line":79,"column":12},"end":{"line":79,"column":12}}]},"10":{"line":94,"type":"binary-expr","locations":[{"start":{"line":94,"column":17},"end":{"line":94,"column":37}},{"start":{"line":94,"column":42},"end":{"line":94,"column":61}}]},"11":{"line":104,"type":"cond-expr","locations":[{"start":{"line":105,"column":8},"end":{"line":107,"column":9}},{"start":{"line":108,"column":9},"end":{"line":113,"column":24}}]},"12":{"line":106,"type":"binary-expr","locations":[{"start":{"line":106,"column":17},"end":{"line":106,"column":51}},{"start":{"line":106,"column":55},"end":{"line":106,"column":59}}]},"13":{"line":108,"type":"cond-expr","locations":[{"start":{"line":109,"column":10},"end":{"line":112,"column":11}},{"start":{"line":113,"column":10},"end":{"line":113,"column":24}}]},"14":{"line":111,"type":"cond-expr","locations":[{"start":{"line":111,"column":28},"end":{"line":111,"column":56}},{"start":{"line":111,"column":59},"end":{"line":111,"column":63}}]},"15":{"line":122,"type":"if","locations":[{"start":{"line":122,"column":4},"end":{"line":122,"column":4}},{"start":{"line":122,"column":4},"end":{"line":122,"column":4}}]},"16":{"line":128,"type":"if","locations":[{"start":{"line":128,"column":8},"end":{"line":128,"column":8}},{"start":{"line":128,"column":8},"end":{"line":128,"column":8}}]},"17":{"line":134,"type":"if","locations":[{"start":{"line":134,"column":4},"end":{"line":134,"column":4}},{"start":{"line":134,"column":4},"end":{"line":134,"column":4}}]}}}}