{"/Users/andreagiammarchi/code/classtrophobic-es5/test.js":{"path":"/Users/andreagiammarchi/code/classtrophobic-es5/test.js","s":{"1":1,"2":1,"3":1,"4":1,"5":1,"6":1,"7":1,"8":1,"9":1,"10":1,"11":2,"12":2,"13":1,"14":1,"15":1,"16":1,"17":1,"18":1,"19":1,"20":1,"21":1,"22":1,"23":1,"24":1,"25":1,"26":1,"27":1,"28":1,"29":1,"30":1,"31":1,"32":1,"33":4,"34":4,"35":4,"36":1,"37":1,"38":1,"39":1,"40":1,"41":1,"42":1,"43":1,"44":1,"45":1,"46":1,"47":2,"48":2,"49":1,"50":1,"51":1,"52":1,"53":0,"54":0,"55":1,"56":1,"57":1,"58":1,"59":1,"60":1,"61":1,"62":2,"63":1,"64":1,"65":1,"66":1,"67":1,"68":1,"69":2,"70":2,"71":1,"72":1,"73":1,"74":2,"75":2,"76":1,"77":1,"78":1,"79":1,"80":1,"81":1,"82":1,"83":1,"84":1,"85":1,"86":1,"87":1,"88":1,"89":1,"90":1,"91":1,"92":1,"93":1,"94":1,"95":1,"96":1,"97":1,"98":1,"99":1,"100":1,"101":1,"102":1,"103":1,"104":1,"105":1,"106":1,"107":1,"108":1,"109":1,"110":1,"111":1,"112":1,"113":1,"114":1,"115":1,"116":1,"117":1,"118":1,"119":1,"120":1,"121":1,"122":1,"123":1},"b":{},"f":{"1":2,"2":1,"3":4,"4":1,"5":2,"6":0,"7":1,"8":1,"9":2,"10":1,"11":1,"12":2,"13":1,"14":2,"15":1,"16":1,"17":1,"18":1,"19":1,"20":1,"21":1,"22":1,"23":1,"24":1},"fnMap":{"1":{"name":"(anonymous_1)","line":16,"loc":{"start":{"line":16,"column":13},"end":{"line":16,"column":26}}},"2":{"name":"(anonymous_2)","line":31,"loc":{"start":{"line":31,"column":10},"end":{"line":31,"column":13}}},"3":{"name":"(anonymous_3)","line":58,"loc":{"start":{"line":58,"column":13},"end":{"line":58,"column":23}}},"4":{"name":"(anonymous_4)","line":83,"loc":{"start":{"line":83,"column":13},"end":{"line":83,"column":23}}},"5":{"name":"(anonymous_5)","line":90,"loc":{"start":{"line":90,"column":6},"end":{"line":90,"column":16}}},"6":{"name":"(anonymous_6)","line":104,"loc":{"start":{"line":104,"column":6},"end":{"line":104,"column":16}}},"7":{"name":"(anonymous_7)","line":108,"loc":{"start":{"line":108,"column":7},"end":{"line":108,"column":17}}},"8":{"name":"(anonymous_8)","line":120,"loc":{"start":{"line":120,"column":8},"end":{"line":120,"column":11}}},"9":{"name":"(anonymous_9)","line":121,"loc":{"start":{"line":121,"column":7},"end":{"line":121,"column":10}}},"10":{"name":"(anonymous_10)","line":125,"loc":{"start":{"line":125,"column":8},"end":{"line":125,"column":11}}},"11":{"name":"(anonymous_11)","line":132,"loc":{"start":{"line":132,"column":8},"end":{"line":132,"column":11}}},"12":{"name":"(anonymous_12)","line":136,"loc":{"start":{"line":136,"column":7},"end":{"line":136,"column":10}}},"13":{"name":"(anonymous_13)","line":143,"loc":{"start":{"line":143,"column":8},"end":{"line":143,"column":11}}},"14":{"name":"(anonymous_14)","line":147,"loc":{"start":{"line":147,"column":7},"end":{"line":147,"column":10}}},"15":{"name":"(anonymous_15)","line":154,"loc":{"start":{"line":154,"column":8},"end":{"line":154,"column":11}}},"16":{"name":"(anonymous_16)","line":171,"loc":{"start":{"line":171,"column":13},"end":{"line":171,"column":16}}},"17":{"name":"(anonymous_17)","line":177,"loc":{"start":{"line":177,"column":13},"end":{"line":177,"column":16}}},"18":{"name":"(anonymous_18)","line":184,"loc":{"start":{"line":184,"column":13},"end":{"line":184,"column":16}}},"19":{"name":"(anonymous_19)","line":197,"loc":{"start":{"line":197,"column":10},"end":{"line":197,"column":13}}},"20":{"name":"(anonymous_20)","line":205,"loc":{"start":{"line":205,"column":10},"end":{"line":205,"column":13}}},"21":{"name":"(anonymous_21)","line":214,"loc":{"start":{"line":214,"column":10},"end":{"line":214,"column":13}}},"22":{"name":"(anonymous_22)","line":228,"loc":{"start":{"line":228,"column":10},"end":{"line":228,"column":13}}},"23":{"name":"(anonymous_23)","line":239,"loc":{"start":{"line":239,"column":10},"end":{"line":239,"column":13}}},"24":{"name":"(anonymous_24)","line":248,"loc":{"start":{"line":248,"column":10},"end":{"line":248,"column":13}}}},"statementMap":{"1":{"start":{"line":1,"column":0},"end":{"line":1,"column":37}},"2":{"start":{"line":2,"column":0},"end":{"line":2,"column":46}},"3":{"start":{"line":3,"column":0},"end":{"line":3,"column":8}},"4":{"start":{"line":5,"column":0},"end":{"line":5,"column":37}},"5":{"start":{"line":6,"column":0},"end":{"line":6,"column":35}},"6":{"start":{"line":8,"column":0},"end":{"line":8,"column":26}},"7":{"start":{"line":9,"column":0},"end":{"line":9,"column":29}},"8":{"start":{"line":10,"column":0},"end":{"line":10,"column":53}},"9":{"start":{"line":14,"column":0},"end":{"line":14,"column":30}},"10":{"start":{"line":15,"column":0},"end":{"line":20,"column":3}},"11":{"start":{"line":17,"column":4},"end":{"line":17,"column":19}},"12":{"start":{"line":18,"column":4},"end":{"line":18,"column":23}},"13":{"start":{"line":21,"column":0},"end":{"line":21,"column":47}},"14":{"start":{"line":22,"column":0},"end":{"line":22,"column":46}},"15":{"start":{"line":23,"column":0},"end":{"line":23,"column":36}},"16":{"start":{"line":24,"column":0},"end":{"line":24,"column":42}},"17":{"start":{"line":28,"column":0},"end":{"line":28,"column":26}},"18":{"start":{"line":29,"column":0},"end":{"line":34,"column":3}},"19":{"start":{"line":32,"column":4},"end":{"line":32,"column":39}},"20":{"start":{"line":35,"column":0},"end":{"line":35,"column":62}},"21":{"start":{"line":39,"column":0},"end":{"line":39,"column":29}},"22":{"start":{"line":40,"column":0},"end":{"line":42,"column":3}},"23":{"start":{"line":44,"column":0},"end":{"line":44,"column":51}},"24":{"start":{"line":45,"column":0},"end":{"line":45,"column":59}},"25":{"start":{"line":46,"column":0},"end":{"line":46,"column":27}},"26":{"start":{"line":47,"column":0},"end":{"line":47,"column":33}},"27":{"start":{"line":48,"column":0},"end":{"line":48,"column":39}},"28":{"start":{"line":49,"column":0},"end":{"line":49,"column":33}},"29":{"start":{"line":50,"column":0},"end":{"line":50,"column":42}},"30":{"start":{"line":51,"column":0},"end":{"line":51,"column":54}},"31":{"start":{"line":55,"column":0},"end":{"line":55,"column":30}},"32":{"start":{"line":56,"column":0},"end":{"line":67,"column":3}},"33":{"start":{"line":63,"column":4},"end":{"line":63,"column":28}},"34":{"start":{"line":64,"column":4},"end":{"line":64,"column":23}},"35":{"start":{"line":65,"column":4},"end":{"line":65,"column":16}},"36":{"start":{"line":69,"column":0},"end":{"line":69,"column":52}},"37":{"start":{"line":70,"column":0},"end":{"line":70,"column":52}},"38":{"start":{"line":71,"column":0},"end":{"line":71,"column":28}},"39":{"start":{"line":72,"column":0},"end":{"line":72,"column":33}},"40":{"start":{"line":73,"column":0},"end":{"line":73,"column":29}},"41":{"start":{"line":74,"column":0},"end":{"line":74,"column":40}},"42":{"start":{"line":75,"column":0},"end":{"line":75,"column":33}},"43":{"start":{"line":76,"column":0},"end":{"line":76,"column":42}},"44":{"start":{"line":80,"column":0},"end":{"line":80,"column":31}},"45":{"start":{"line":81,"column":0},"end":{"line":94,"column":3}},"46":{"start":{"line":88,"column":4},"end":{"line":88,"column":38}},"47":{"start":{"line":91,"column":4},"end":{"line":91,"column":29}},"48":{"start":{"line":92,"column":4},"end":{"line":92,"column":16}},"49":{"start":{"line":96,"column":0},"end":{"line":96,"column":29}},"50":{"start":{"line":97,"column":0},"end":{"line":97,"column":48}},"51":{"start":{"line":101,"column":0},"end":{"line":101,"column":25}},"52":{"start":{"line":102,"column":0},"end":{"line":111,"column":3}},"53":{"start":{"line":105,"column":4},"end":{"line":105,"column":29}},"54":{"start":{"line":106,"column":4},"end":{"line":106,"column":16}},"55":{"start":{"line":109,"column":4},"end":{"line":109,"column":36}},"56":{"start":{"line":112,"column":0},"end":{"line":112,"column":26}},"57":{"start":{"line":113,"column":0},"end":{"line":113,"column":35}},"58":{"start":{"line":117,"column":0},"end":{"line":117,"column":26}},"59":{"start":{"line":118,"column":0},"end":{"line":118,"column":9}},"60":{"start":{"line":119,"column":0},"end":{"line":122,"column":3}},"61":{"start":{"line":120,"column":13},"end":{"line":120,"column":27}},"62":{"start":{"line":121,"column":12},"end":{"line":121,"column":27}},"63":{"start":{"line":123,"column":0},"end":{"line":129,"column":3}},"64":{"start":{"line":126,"column":4},"end":{"line":126,"column":24}},"65":{"start":{"line":127,"column":4},"end":{"line":127,"column":18}},"66":{"start":{"line":130,"column":0},"end":{"line":140,"column":3}},"67":{"start":{"line":133,"column":4},"end":{"line":133,"column":24}},"68":{"start":{"line":134,"column":4},"end":{"line":134,"column":18}},"69":{"start":{"line":137,"column":4},"end":{"line":137,"column":23}},"70":{"start":{"line":138,"column":4},"end":{"line":138,"column":19}},"71":{"start":{"line":141,"column":0},"end":{"line":151,"column":3}},"72":{"start":{"line":144,"column":4},"end":{"line":144,"column":24}},"73":{"start":{"line":145,"column":4},"end":{"line":145,"column":18}},"74":{"start":{"line":148,"column":4},"end":{"line":148,"column":23}},"75":{"start":{"line":149,"column":4},"end":{"line":149,"column":19}},"76":{"start":{"line":152,"column":0},"end":{"line":158,"column":3}},"77":{"start":{"line":155,"column":4},"end":{"line":155,"column":24}},"78":{"start":{"line":156,"column":4},"end":{"line":156,"column":18}},"79":{"start":{"line":160,"column":0},"end":{"line":160,"column":17}},"80":{"start":{"line":161,"column":0},"end":{"line":161,"column":68}},"81":{"start":{"line":162,"column":0},"end":{"line":162,"column":16}},"82":{"start":{"line":163,"column":0},"end":{"line":163,"column":67}},"83":{"start":{"line":164,"column":0},"end":{"line":164,"column":16}},"84":{"start":{"line":165,"column":0},"end":{"line":165,"column":67}},"85":{"start":{"line":169,"column":0},"end":{"line":169,"column":35}},"86":{"start":{"line":170,"column":0},"end":{"line":174,"column":3}},"87":{"start":{"line":172,"column":4},"end":{"line":172,"column":19}},"88":{"start":{"line":175,"column":0},"end":{"line":181,"column":3}},"89":{"start":{"line":178,"column":4},"end":{"line":178,"column":17}},"90":{"start":{"line":179,"column":4},"end":{"line":179,"column":19}},"91":{"start":{"line":182,"column":0},"end":{"line":188,"column":3}},"92":{"start":{"line":185,"column":4},"end":{"line":185,"column":17}},"93":{"start":{"line":186,"column":4},"end":{"line":186,"column":19}},"94":{"start":{"line":189,"column":0},"end":{"line":189,"column":9}},"95":{"start":{"line":190,"column":0},"end":{"line":190,"column":67}},"96":{"start":{"line":194,"column":0},"end":{"line":194,"column":31}},"97":{"start":{"line":195,"column":0},"end":{"line":201,"column":3}},"98":{"start":{"line":198,"column":6},"end":{"line":198,"column":22}},"99":{"start":{"line":202,"column":0},"end":{"line":210,"column":3}},"100":{"start":{"line":206,"column":6},"end":{"line":206,"column":26}},"101":{"start":{"line":207,"column":6},"end":{"line":207,"column":22}},"102":{"start":{"line":211,"column":0},"end":{"line":219,"column":3}},"103":{"start":{"line":215,"column":6},"end":{"line":215,"column":26}},"104":{"start":{"line":216,"column":6},"end":{"line":216,"column":22}},"105":{"start":{"line":220,"column":0},"end":{"line":220,"column":13}},"106":{"start":{"line":221,"column":0},"end":{"line":221,"column":70}},"107":{"start":{"line":225,"column":0},"end":{"line":225,"column":30}},"108":{"start":{"line":226,"column":0},"end":{"line":232,"column":3}},"109":{"start":{"line":229,"column":6},"end":{"line":229,"column":22}},"110":{"start":{"line":233,"column":0},"end":{"line":235,"column":3}},"111":{"start":{"line":236,"column":0},"end":{"line":244,"column":3}},"112":{"start":{"line":240,"column":6},"end":{"line":240,"column":26}},"113":{"start":{"line":241,"column":6},"end":{"line":241,"column":22}},"114":{"start":{"line":245,"column":0},"end":{"line":253,"column":3}},"115":{"start":{"line":249,"column":6},"end":{"line":249,"column":26}},"116":{"start":{"line":250,"column":6},"end":{"line":250,"column":22}},"117":{"start":{"line":254,"column":0},"end":{"line":256,"column":3}},"118":{"start":{"line":257,"column":0},"end":{"line":257,"column":13}},"119":{"start":{"line":258,"column":0},"end":{"line":258,"column":70}},"120":{"start":{"line":262,"column":0},"end":{"line":262,"column":16}},"121":{"start":{"line":263,"column":0},"end":{"line":263,"column":38}},"122":{"start":{"line":264,"column":0},"end":{"line":264,"column":30}},"123":{"start":{"line":265,"column":0},"end":{"line":265,"column":16}}},"branchMap":{}},"/Users/andreagiammarchi/code/classtrophobic-es5/classtrophobic-es5.js":{"path":"/Users/andreagiammarchi/code/classtrophobic-es5/classtrophobic-es5.js","s":{"1":1,"2":1,"3":20,"4":0,"5":0,"6":0,"7":0,"8":0,"9":0,"10":0,"11":18,"12":7,"13":7,"14":7,"15":0,"16":7,"17":7,"18":7,"19":7,"20":7,"21":7,"22":18,"23":18,"24":18,"25":18,"26":18,"27":50,"28":393,"29":76,"30":317,"31":317,"32":267,"33":11,"34":11,"35":12,"36":11,"37":11,"38":11,"39":11,"40":267,"41":18,"42":4,"43":4,"44":21,"45":150,"46":150,"47":78,"48":4,"49":4,"50":1,"51":4,"52":4,"53":4,"54":4,"55":4,"56":78,"57":4,"58":1,"59":23,"60":10,"61":6,"62":12,"63":12,"64":23,"65":17,"66":17,"67":23,"68":41,"69":12,"70":12,"71":23,"72":23,"73":6,"74":6,"75":6,"76":23,"77":23,"78":1,"79":1},"b":{"1":[1,0],"2":[1,0],"3":[1,1,0],"4":[1,1,0],"5":[0,0],"6":[5,2],"7":[7,0],"8":[18,0],"9":[76,317],"10":[267,50],"11":[50,50],"12":[78,72],"13":[21,17],"14":[6,17],"15":[10,5],"16":[13,4],"17":[2,11],"18":[9,3],"19":[17,6],"20":[12,29],"21":[6,17]},"f":{"1":1,"2":20,"3":0,"4":0,"5":0,"6":0,"7":18,"8":7,"9":393,"10":11,"11":4,"12":150,"13":4,"14":23,"15":10,"16":6,"17":12,"18":4,"19":41,"20":6},"fnMap":{"1":{"name":"(anonymous_1)","line":2,"loc":{"start":{"line":2,"column":13},"end":{"line":2,"column":31}}},"2":{"name":"(anonymous_2)","line":5,"loc":{"start":{"line":5,"column":15},"end":{"line":5,"column":29}}},"3":{"name":"(anonymous_3)","line":10,"loc":{"start":{"line":10,"column":10},"end":{"line":10,"column":23}}},"4":{"name":"(anonymous_4)","line":12,"loc":{"start":{"line":12,"column":10},"end":{"line":12,"column":26}}},"5":{"name":"(anonymous_5)","line":19,"loc":{"start":{"line":19,"column":10},"end":{"line":19,"column":46}}},"6":{"name":"ownKeys","line":27,"loc":{"start":{"line":27,"column":12},"end":{"line":27,"column":32}}},"7":{"name":"(anonymous_7)","line":33,"loc":{"start":{"line":33,"column":11},"end":{"line":33,"column":23}}},"8":{"name":"(anonymous_8)","line":35,"loc":{"start":{"line":35,"column":18},"end":{"line":35,"column":30}}},"9":{"name":"(anonymous_9)","line":65,"loc":{"start":{"line":65,"column":36},"end":{"line":65,"column":52}}},"10":{"name":"(anonymous_10)","line":72,"loc":{"start":{"line":72,"column":35},"end":{"line":72,"column":47}}},"11":{"name":"(anonymous_11)","line":89,"loc":{"start":{"line":89,"column":11},"end":{"line":89,"column":23}}},"12":{"name":"(anonymous_12)","line":92,"loc":{"start":{"line":92,"column":34},"end":{"line":92,"column":50}}},"13":{"name":"(anonymous_13)","line":98,"loc":{"start":{"line":98,"column":33},"end":{"line":98,"column":45}}},"14":{"name":"Classtrophobic","line":117,"loc":{"start":{"line":117,"column":9},"end":{"line":117,"column":45}}},"15":{"name":"(anonymous_15)","line":123,"loc":{"start":{"line":123,"column":8},"end":{"line":123,"column":20}}},"16":{"name":"(anonymous_16)","line":128,"loc":{"start":{"line":128,"column":12},"end":{"line":128,"column":24}}},"17":{"name":"(anonymous_17)","line":131,"loc":{"start":{"line":131,"column":12},"end":{"line":131,"column":24}}},"18":{"name":"(anonymous_18)","line":136,"loc":{"start":{"line":136,"column":10},"end":{"line":136,"column":22}}},"19":{"name":"(anonymous_19)","line":146,"loc":{"start":{"line":146,"column":15},"end":{"line":146,"column":30}}},"20":{"name":"(anonymous_20)","line":153,"loc":{"start":{"line":153,"column":42},"end":{"line":153,"column":57}}}},"statementMap":{"1":{"start":{"line":2,"column":0},"end":{"line":160,"column":11}},"2":{"start":{"line":3,"column":2},"end":{"line":116,"column":3}},"3":{"start":{"line":6,"column":6},"end":{"line":6,"column":62}},"4":{"start":{"line":10,"column":25},"end":{"line":10,"column":44}},"5":{"start":{"line":12,"column":28},"end":{"line":12,"column":44}},"6":{"start":{"line":12,"column":45},"end":{"line":12,"column":54}},"7":{"start":{"line":20,"column":12},"end":{"line":20,"column":41}},"8":{"start":{"line":21,"column":12},"end":{"line":21,"column":50}},"9":{"start":{"line":22,"column":12},"end":{"line":22,"column":53}},"10":{"start":{"line":28,"column":14},"end":{"line":29,"column":60}},"11":{"start":{"line":34,"column":8},"end":{"line":59,"column":9}},"12":{"start":{"line":36,"column":12},"end":{"line":40,"column":13}},"13":{"start":{"line":41,"column":12},"end":{"line":41,"column":30}},"14":{"start":{"line":42,"column":12},"end":{"line":42,"column":78}},"15":{"start":{"line":42,"column":57},"end":{"line":42,"column":78}},"16":{"start":{"line":43,"column":12},"end":{"line":43,"column":43}},"17":{"start":{"line":44,"column":12},"end":{"line":50,"column":13}},"18":{"start":{"line":45,"column":14},"end":{"line":47,"column":58}},"19":{"start":{"line":49,"column":14},"end":{"line":49,"column":31}},"20":{"start":{"line":51,"column":12},"end":{"line":51,"column":36}},"21":{"start":{"line":52,"column":12},"end":{"line":52,"column":54}},"22":{"start":{"line":60,"column":8},"end":{"line":84,"column":9}},"23":{"start":{"line":61,"column":10},"end":{"line":61,"column":28}},"24":{"start":{"line":62,"column":10},"end":{"line":62,"column":28}},"25":{"start":{"line":63,"column":10},"end":{"line":63,"column":30}},"26":{"start":{"line":64,"column":10},"end":{"line":83,"column":69}},"27":{"start":{"line":65,"column":12},"end":{"line":82,"column":15}},"28":{"start":{"line":66,"column":14},"end":{"line":66,"column":53}},"29":{"start":{"line":66,"column":46},"end":{"line":66,"column":53}},"30":{"start":{"line":67,"column":14},"end":{"line":70,"column":15}},"31":{"start":{"line":71,"column":14},"end":{"line":81,"column":15}},"32":{"start":{"line":72,"column":16},"end":{"line":79,"column":18}},"33":{"start":{"line":73,"column":18},"end":{"line":73,"column":45}},"34":{"start":{"line":74,"column":18},"end":{"line":75,"column":52}},"35":{"start":{"line":74,"column":23},"end":{"line":74,"column":44}},"36":{"start":{"line":76,"column":18},"end":{"line":77,"column":47}},"37":{"start":{"line":76,"column":24},"end":{"line":76,"column":82}},"38":{"start":{"line":77,"column":28},"end":{"line":77,"column":45}},"39":{"start":{"line":78,"column":18},"end":{"line":78,"column":32}},"40":{"start":{"line":80,"column":16},"end":{"line":80,"column":56}},"41":{"start":{"line":85,"column":8},"end":{"line":85,"column":21}},"42":{"start":{"line":90,"column":8},"end":{"line":90,"column":51}},"43":{"start":{"line":91,"column":8},"end":{"line":112,"column":63}},"44":{"start":{"line":92,"column":10},"end":{"line":111,"column":13}},"45":{"start":{"line":93,"column":12},"end":{"line":96,"column":13}},"46":{"start":{"line":97,"column":12},"end":{"line":110,"column":13}},"47":{"start":{"line":98,"column":14},"end":{"line":108,"column":16}},"48":{"start":{"line":99,"column":16},"end":{"line":102,"column":17}},"49":{"start":{"line":103,"column":16},"end":{"line":103,"column":71}},"50":{"start":{"line":103,"column":50},"end":{"line":103,"column":71}},"51":{"start":{"line":104,"column":16},"end":{"line":104,"column":43}},"52":{"start":{"line":105,"column":16},"end":{"line":106,"column":61}},"53":{"start":{"line":105,"column":22},"end":{"line":105,"column":84}},"54":{"start":{"line":106,"column":26},"end":{"line":106,"column":59}},"55":{"start":{"line":107,"column":16},"end":{"line":107,"column":30}},"56":{"start":{"line":109,"column":14},"end":{"line":109,"column":54}},"57":{"start":{"line":113,"column":8},"end":{"line":113,"column":21}},"58":{"start":{"line":117,"column":2},"end":{"line":159,"column":4}},"59":{"start":{"line":118,"column":4},"end":{"line":140,"column":5}},"60":{"start":{"line":124,"column":10},"end":{"line":124,"column":60}},"61":{"start":{"line":129,"column":14},"end":{"line":129,"column":56}},"62":{"start":{"line":132,"column":14},"end":{"line":132,"column":56}},"63":{"start":{"line":133,"column":14},"end":{"line":133,"column":66}},"64":{"start":{"line":141,"column":4},"end":{"line":144,"column":5}},"65":{"start":{"line":142,"column":6},"end":{"line":142,"column":24}},"66":{"start":{"line":143,"column":6},"end":{"line":143,"column":44}},"67":{"start":{"line":145,"column":4},"end":{"line":151,"column":9}},"68":{"start":{"line":147,"column":8},"end":{"line":150,"column":9}},"69":{"start":{"line":148,"column":10},"end":{"line":148,"column":49}},"70":{"start":{"line":149,"column":10},"end":{"line":149,"column":44}},"71":{"start":{"line":152,"column":4},"end":{"line":152,"column":41}},"72":{"start":{"line":153,"column":4},"end":{"line":156,"column":7}},"73":{"start":{"line":153,"column":17},"end":{"line":156,"column":7}},"74":{"start":{"line":154,"column":6},"end":{"line":154,"column":39}},"75":{"start":{"line":155,"column":6},"end":{"line":155,"column":37}},"76":{"start":{"line":157,"column":4},"end":{"line":157,"column":40}},"77":{"start":{"line":158,"column":4},"end":{"line":158,"column":35}},"78":{"start":{"line":161,"column":0},"end":{"line":161,"column":45}},"79":{"start":{"line":161,"column":6},"end":{"line":161,"column":29}}},"branchMap":{"1":{"line":9,"type":"binary-expr","locations":[{"start":{"line":9,"column":10},"end":{"line":9,"column":31}},{"start":{"line":10,"column":10},"end":{"line":10,"column":46}}]},"2":{"line":11,"type":"binary-expr","locations":[{"start":{"line":11,"column":10},"end":{"line":11,"column":31}},{"start":{"line":12,"column":10},"end":{"line":12,"column":56}}]},"3":{"line":17,"type":"binary-expr","locations":[{"start":{"line":17,"column":16},"end":{"line":17,"column":26}},{"start":{"line":18,"column":10},"end":{"line":18,"column":27}},{"start":{"line":19,"column":10},"end":{"line":23,"column":11}}]},"4":{"line":24,"type":"binary-expr","locations":[{"start":{"line":24,"column":14},"end":{"line":24,"column":24}},{"start":{"line":25,"column":10},"end":{"line":25,"column":25}},{"start":{"line":26,"column":11},"end":{"line":31,"column":38}}]},"5":{"line":26,"type":"cond-expr","locations":[{"start":{"line":27,"column":12},"end":{"line":30,"column":13}},{"start":{"line":31,"column":12},"end":{"line":31,"column":38}}]},"6":{"line":45,"type":"cond-expr","locations":[{"start":{"line":46,"column":16},"end":{"line":46,"column":69}},{"start":{"line":47,"column":16},"end":{"line":47,"column":57}}]},"7":{"line":52,"type":"cond-expr","locations":[{"start":{"line":52,"column":28},"end":{"line":52,"column":46}},{"start":{"line":52,"column":49},"end":{"line":52,"column":53}}]},"8":{"line":60,"type":"if","locations":[{"start":{"line":60,"column":8},"end":{"line":60,"column":8}},{"start":{"line":60,"column":8},"end":{"line":60,"column":8}}]},"9":{"line":66,"type":"if","locations":[{"start":{"line":66,"column":14},"end":{"line":66,"column":14}},{"start":{"line":66,"column":14},"end":{"line":66,"column":14}}]},"10":{"line":71,"type":"if","locations":[{"start":{"line":71,"column":14},"end":{"line":71,"column":14}},{"start":{"line":71,"column":14},"end":{"line":71,"column":14}}]},"11":{"line":83,"type":"binary-expr","locations":[{"start":{"line":83,"column":20},"end":{"line":83,"column":40}},{"start":{"line":83,"column":45},"end":{"line":83,"column":67}}]},"12":{"line":97,"type":"if","locations":[{"start":{"line":97,"column":12},"end":{"line":97,"column":12}},{"start":{"line":97,"column":12},"end":{"line":97,"column":12}}]},"13":{"line":112,"type":"binary-expr","locations":[{"start":{"line":112,"column":17},"end":{"line":112,"column":37}},{"start":{"line":112,"column":42},"end":{"line":112,"column":61}}]},"14":{"line":122,"type":"cond-expr","locations":[{"start":{"line":123,"column":8},"end":{"line":125,"column":9}},{"start":{"line":126,"column":9},"end":{"line":136,"column":24}}]},"15":{"line":124,"type":"binary-expr","locations":[{"start":{"line":124,"column":17},"end":{"line":124,"column":51}},{"start":{"line":124,"column":55},"end":{"line":124,"column":59}}]},"16":{"line":126,"type":"cond-expr","locations":[{"start":{"line":127,"column":11},"end":{"line":134,"column":13}},{"start":{"line":136,"column":10},"end":{"line":136,"column":24}}]},"17":{"line":127,"type":"cond-expr","locations":[{"start":{"line":128,"column":12},"end":{"line":130,"column":13}},{"start":{"line":131,"column":12},"end":{"line":134,"column":13}}]},"18":{"line":133,"type":"cond-expr","locations":[{"start":{"line":133,"column":30},"end":{"line":133,"column":58}},{"start":{"line":133,"column":61},"end":{"line":133,"column":65}}]},"19":{"line":141,"type":"if","locations":[{"start":{"line":141,"column":4},"end":{"line":141,"column":4}},{"start":{"line":141,"column":4},"end":{"line":141,"column":4}}]},"20":{"line":147,"type":"if","locations":[{"start":{"line":147,"column":8},"end":{"line":147,"column":8}},{"start":{"line":147,"column":8},"end":{"line":147,"column":8}}]},"21":{"line":153,"type":"if","locations":[{"start":{"line":153,"column":4},"end":{"line":153,"column":4}},{"start":{"line":153,"column":4},"end":{"line":153,"column":4}}]}}}}