TN:
SF:/home/webreflection/code/classtrophobic-es5/test.js
FN:16,(anonymous_1)
FN:31,(anonymous_2)
FN:58,(anonymous_3)
FN:83,(anonymous_4)
FN:90,(anonymous_5)
FN:104,(anonymous_6)
FN:108,(anonymous_7)
FN:120,(anonymous_8)
FN:121,(anonymous_9)
FN:125,(anonymous_10)
FN:132,(anonymous_11)
FN:136,(anonymous_12)
FN:143,(anonymous_13)
FN:147,(anonymous_14)
FN:154,(anonymous_15)
FN:171,(anonymous_16)
FN:177,(anonymous_17)
FN:184,(anonymous_18)
FN:197,(anonymous_19)
FN:205,(anonymous_20)
FN:214,(anonymous_21)
FN:228,(anonymous_22)
FN:239,(anonymous_23)
FN:248,(anonymous_24)
FNF:24
FNH:23
FNDA:2,(anonymous_1)
FNDA:1,(anonymous_2)
FNDA:4,(anonymous_3)
FNDA:1,(anonymous_4)
FNDA:2,(anonymous_5)
FNDA:0,(anonymous_6)
FNDA:1,(anonymous_7)
FNDA:1,(anonymous_8)
FNDA:2,(anonymous_9)
FNDA:1,(anonymous_10)
FNDA:1,(anonymous_11)
FNDA:2,(anonymous_12)
FNDA:1,(anonymous_13)
FNDA:2,(anonymous_14)
FNDA:1,(anonymous_15)
FNDA:1,(anonymous_16)
FNDA:1,(anonymous_17)
FNDA:1,(anonymous_18)
FNDA:1,(anonymous_19)
FNDA:1,(anonymous_20)
FNDA:1,(anonymous_21)
FNDA:1,(anonymous_22)
FNDA:1,(anonymous_23)
FNDA:1,(anonymous_24)
DA:1,1
DA:2,1
DA:3,1
DA:5,1
DA:6,1
DA:8,1
DA:9,1
DA:10,1
DA:14,1
DA:15,1
DA:17,2
DA:18,2
DA:21,1
DA:22,1
DA:23,1
DA:24,1
DA:28,1
DA:29,1
DA:32,1
DA:35,1
DA:39,1
DA:40,1
DA:44,1
DA:45,1
DA:46,1
DA:47,1
DA:48,1
DA:49,1
DA:50,1
DA:51,1
DA:55,1
DA:56,1
DA:63,4
DA:64,4
DA:65,4
DA:69,1
DA:70,1
DA:71,1
DA:72,1
DA:73,1
DA:74,1
DA:75,1
DA:76,1
DA:80,1
DA:81,1
DA:88,1
DA:91,2
DA:92,2
DA:96,1
DA:97,1
DA:101,1
DA:102,1
DA:105,0
DA:106,0
DA:109,1
DA:112,1
DA:113,1
DA:117,1
DA:118,1
DA:119,1
DA:120,1
DA:121,2
DA:123,1
DA:126,1
DA:127,1
DA:130,1
DA:133,1
DA:134,1
DA:137,2
DA:138,2
DA:141,1
DA:144,1
DA:145,1
DA:148,2
DA:149,2
DA:152,1
DA:155,1
DA:156,1
DA:160,1
DA:161,1
DA:162,1
DA:163,1
DA:164,1
DA:165,1
DA:169,1
DA:170,1
DA:172,1
DA:175,1
DA:178,1
DA:179,1
DA:182,1
DA:185,1
DA:186,1
DA:189,1
DA:190,1
DA:194,1
DA:195,1
DA:198,1
DA:202,1
DA:206,1
DA:207,1
DA:211,1
DA:215,1
DA:216,1
DA:220,1
DA:221,1
DA:225,1
DA:226,1
DA:229,1
DA:233,1
DA:236,1
DA:240,1
DA:241,1
DA:245,1
DA:249,1
DA:250,1
DA:254,1
DA:257,1
DA:258,1
DA:262,1
DA:263,1
DA:264,1
DA:265,1
LF:123
LH:121
BRF:0
BRH:0
end_of_record
TN:
SF:/home/webreflection/code/classtrophobic-es5/classtrophobic-es5.js
FN:2,(anonymous_1)
FN:7,(anonymous_2)
FN:9,(anonymous_3)
FN:12,ownKeys
FN:20,(anonymous_5)
FN:22,(anonymous_6)
FN:47,(anonymous_7)
FN:54,(anonymous_8)
FN:71,(anonymous_9)
FN:74,(anonymous_10)
FN:80,(anonymous_11)
FN:99,Classtrophobic
FN:105,(anonymous_13)
FN:110,(anonymous_14)
FN:114,(anonymous_15)
FN:128,(anonymous_16)
FN:135,(anonymous_17)
FNF:17
FNH:15
FNDA:1,(anonymous_1)
FNDA:0,(anonymous_2)
FNDA:0,(anonymous_3)
FNDA:100,ownKeys
FNDA:18,(anonymous_5)
FNDA:7,(anonymous_6)
FNDA:393,(anonymous_7)
FNDA:11,(anonymous_8)
FNDA:4,(anonymous_9)
FNDA:150,(anonymous_10)
FNDA:4,(anonymous_11)
FNDA:23,Classtrophobic
FNDA:10,(anonymous_13)
FNDA:18,(anonymous_14)
FNDA:4,(anonymous_15)
FNDA:41,(anonymous_16)
FNDA:6,(anonymous_17)
DA:2,1
DA:3,1
DA:7,0
DA:9,0
DA:13,100
DA:21,18
DA:23,7
DA:28,7
DA:29,7
DA:30,7
DA:31,7
DA:32,7
DA:33,7
DA:34,7
DA:42,18
DA:43,18
DA:44,18
DA:45,18
DA:46,18
DA:47,50
DA:48,393
DA:49,317
DA:53,317
DA:54,267
DA:55,11
DA:56,12
DA:58,11
DA:59,11
DA:60,11
DA:62,267
DA:67,18
DA:72,4
DA:73,4
DA:74,21
DA:75,150
DA:79,150
DA:80,78
DA:81,4
DA:85,4
DA:86,4
DA:87,4
DA:88,4
DA:89,4
DA:91,78
DA:95,4
DA:99,1
DA:100,23
DA:106,10
DA:107,10
DA:111,18
DA:112,18
DA:123,23
DA:124,17
DA:125,17
DA:127,23
DA:129,41
DA:130,12
DA:131,12
DA:134,23
DA:135,23
DA:136,6
DA:137,6
DA:139,23
DA:140,23
DA:143,1
LF:65
LH:63
BRDA:6,1,0,1
BRDA:6,1,1,0
BRDA:8,2,0,1
BRDA:8,2,1,0
BRDA:11,3,0,1
BRDA:11,3,1,0
BRDA:34,4,0,7
BRDA:34,4,1,0
BRDA:42,5,0,18
BRDA:42,5,1,0
BRDA:48,6,0,76
BRDA:48,6,1,317
BRDA:53,7,0,267
BRDA:53,7,1,50
BRDA:65,8,0,50
BRDA:65,8,1,50
BRDA:79,9,0,78
BRDA:79,9,1,72
BRDA:94,10,0,21
BRDA:94,10,1,17
BRDA:104,11,0,6
BRDA:104,11,1,17
BRDA:107,12,0,5
BRDA:107,12,1,5
BRDA:109,13,0,13
BRDA:109,13,1,4
BRDA:112,14,0,15
BRDA:112,14,1,3
BRDA:123,15,0,17
BRDA:123,15,1,6
BRDA:129,16,0,12
BRDA:129,16,1,29
BRDA:135,17,0,6
BRDA:135,17,1,17
BRF:34
BRH:29
end_of_record
