TN:
SF:/Users/andreagiammarchi/code/classtrophobic-es5/test.js
FN:16,(anonymous_1)
FN:31,(anonymous_2)
FN:58,(anonymous_3)
FN:83,(anonymous_4)
FN:90,(anonymous_5)
FN:104,(anonymous_6)
FN:108,(anonymous_7)
FN:120,(anonymous_8)
FN:121,(anonymous_9)
FN:125,(anonymous_10)
FN:132,(anonymous_11)
FN:136,(anonymous_12)
FN:143,(anonymous_13)
FN:147,(anonymous_14)
FN:154,(anonymous_15)
FN:171,(anonymous_16)
FN:177,(anonymous_17)
FN:184,(anonymous_18)
FN:197,(anonymous_19)
FN:205,(anonymous_20)
FN:214,(anonymous_21)
FN:228,(anonymous_22)
FN:239,(anonymous_23)
FN:248,(anonymous_24)
FNF:24
FNH:23
FNDA:2,(anonymous_1)
FNDA:1,(anonymous_2)
FNDA:4,(anonymous_3)
FNDA:1,(anonymous_4)
FNDA:2,(anonymous_5)
FNDA:0,(anonymous_6)
FNDA:1,(anonymous_7)
FNDA:1,(anonymous_8)
FNDA:2,(anonymous_9)
FNDA:1,(anonymous_10)
FNDA:1,(anonymous_11)
FNDA:2,(anonymous_12)
FNDA:1,(anonymous_13)
FNDA:2,(anonymous_14)
FNDA:1,(anonymous_15)
FNDA:1,(anonymous_16)
FNDA:1,(anonymous_17)
FNDA:1,(anonymous_18)
FNDA:1,(anonymous_19)
FNDA:1,(anonymous_20)
FNDA:1,(anonymous_21)
FNDA:1,(anonymous_22)
FNDA:1,(anonymous_23)
FNDA:1,(anonymous_24)
DA:1,1
DA:2,1
DA:3,1
DA:5,1
DA:6,1
DA:8,1
DA:9,1
DA:10,1
DA:14,1
DA:15,1
DA:17,2
DA:18,2
DA:21,1
DA:22,1
DA:23,1
DA:24,1
DA:28,1
DA:29,1
DA:32,1
DA:35,1
DA:39,1
DA:40,1
DA:44,1
DA:45,1
DA:46,1
DA:47,1
DA:48,1
DA:49,1
DA:50,1
DA:51,1
DA:55,1
DA:56,1
DA:63,4
DA:64,4
DA:65,4
DA:69,1
DA:70,1
DA:71,1
DA:72,1
DA:73,1
DA:74,1
DA:75,1
DA:76,1
DA:80,1
DA:81,1
DA:88,1
DA:91,2
DA:92,2
DA:96,1
DA:97,1
DA:101,1
DA:102,1
DA:105,0
DA:106,0
DA:109,1
DA:112,1
DA:113,1
DA:117,1
DA:118,1
DA:119,1
DA:120,1
DA:121,2
DA:123,1
DA:126,1
DA:127,1
DA:130,1
DA:133,1
DA:134,1
DA:137,2
DA:138,2
DA:141,1
DA:144,1
DA:145,1
DA:148,2
DA:149,2
DA:152,1
DA:155,1
DA:156,1
DA:160,1
DA:161,1
DA:162,1
DA:163,1
DA:164,1
DA:165,1
DA:169,1
DA:170,1
DA:172,1
DA:175,1
DA:178,1
DA:179,1
DA:182,1
DA:185,1
DA:186,1
DA:189,1
DA:190,1
DA:194,1
DA:195,1
DA:198,1
DA:202,1
DA:206,1
DA:207,1
DA:211,1
DA:215,1
DA:216,1
DA:220,1
DA:221,1
DA:225,1
DA:226,1
DA:229,1
DA:233,1
DA:236,1
DA:240,1
DA:241,1
DA:245,1
DA:249,1
DA:250,1
DA:254,1
DA:257,1
DA:258,1
DA:262,1
DA:263,1
DA:264,1
DA:265,1
LF:123
LH:121
BRF:0
BRH:0
end_of_record
TN:
SF:/Users/andreagiammarchi/code/classtrophobic-es5/classtrophobic-es5.js
FN:2,(anonymous_1)
FN:5,(anonymous_2)
FN:10,(anonymous_3)
FN:12,(anonymous_4)
FN:19,(anonymous_5)
FN:27,ownKeys
FN:33,(anonymous_7)
FN:35,(anonymous_8)
FN:65,(anonymous_9)
FN:72,(anonymous_10)
FN:89,(anonymous_11)
FN:92,(anonymous_12)
FN:98,(anonymous_13)
FN:117,Classtrophobic
FN:123,(anonymous_15)
FN:128,(anonymous_16)
FN:131,(anonymous_17)
FN:136,(anonymous_18)
FN:146,(anonymous_19)
FN:153,(anonymous_20)
FNF:20
FNH:16
FNDA:1,(anonymous_1)
FNDA:20,(anonymous_2)
FNDA:0,(anonymous_3)
FNDA:0,(anonymous_4)
FNDA:0,(anonymous_5)
FNDA:0,ownKeys
FNDA:18,(anonymous_7)
FNDA:7,(anonymous_8)
FNDA:393,(anonymous_9)
FNDA:11,(anonymous_10)
FNDA:4,(anonymous_11)
FNDA:150,(anonymous_12)
FNDA:4,(anonymous_13)
FNDA:23,Classtrophobic
FNDA:10,(anonymous_15)
FNDA:6,(anonymous_16)
FNDA:12,(anonymous_17)
FNDA:4,(anonymous_18)
FNDA:41,(anonymous_19)
FNDA:6,(anonymous_20)
DA:2,1
DA:3,1
DA:6,20
DA:10,0
DA:12,0
DA:20,0
DA:21,0
DA:22,0
DA:28,0
DA:34,18
DA:36,7
DA:41,7
DA:42,7
DA:43,7
DA:44,7
DA:45,7
DA:49,7
DA:51,7
DA:52,7
DA:60,18
DA:61,18
DA:62,18
DA:63,18
DA:64,18
DA:65,50
DA:66,393
DA:67,317
DA:71,317
DA:72,267
DA:73,11
DA:74,12
DA:76,11
DA:77,11
DA:78,11
DA:80,267
DA:85,18
DA:90,4
DA:91,4
DA:92,21
DA:93,150
DA:97,150
DA:98,78
DA:99,4
DA:103,4
DA:104,4
DA:105,4
DA:106,4
DA:107,4
DA:109,78
DA:113,4
DA:117,1
DA:118,23
DA:124,10
DA:129,6
DA:132,12
DA:133,12
DA:141,23
DA:142,17
DA:143,17
DA:145,23
DA:147,41
DA:148,12
DA:149,12
DA:152,23
DA:153,23
DA:154,6
DA:155,6
DA:157,23
DA:158,23
DA:161,1
LF:70
LH:64
BRDA:9,1,0,1
BRDA:9,1,1,0
BRDA:11,2,0,1
BRDA:11,2,1,0
BRDA:17,3,0,1
BRDA:17,3,1,1
BRDA:17,3,2,0
BRDA:24,4,0,1
BRDA:24,4,1,1
BRDA:24,4,2,0
BRDA:26,5,0,0
BRDA:26,5,1,0
BRDA:45,6,0,5
BRDA:45,6,1,2
BRDA:52,7,0,7
BRDA:52,7,1,0
BRDA:60,8,0,18
BRDA:60,8,1,0
BRDA:66,9,0,76
BRDA:66,9,1,317
BRDA:71,10,0,267
BRDA:71,10,1,50
BRDA:83,11,0,50
BRDA:83,11,1,50
BRDA:97,12,0,78
BRDA:97,12,1,72
BRDA:112,13,0,21
BRDA:112,13,1,17
BRDA:122,14,0,6
BRDA:122,14,1,17
BRDA:124,15,0,10
BRDA:124,15,1,5
BRDA:126,16,0,13
BRDA:126,16,1,4
BRDA:127,17,0,2
BRDA:127,17,1,11
BRDA:133,18,0,9
BRDA:133,18,1,3
BRDA:141,19,0,17
BRDA:141,19,1,6
BRDA:147,20,0,12
BRDA:147,20,1,29
BRDA:153,21,0,6
BRDA:153,21,1,17
BRF:44
BRH:36
end_of_record
